2019-01-08 15:23:34 [main] INFO  c.e.d.SpringCsvValidationApplication - Starting SpringCsvValidationApplication on Srikeshs-MBP-6a92 with PID 88943 (/Users/srikeshnagoji/Documents/javaworkspace/Spring_CSV_Validation_POC/target/classes started by srikeshnagoji in /Users/srikeshnagoji/Documents/javaworkspace/Spring_CSV_Validation_POC)
2019-01-08 15:23:34 [main] INFO  c.e.d.SpringCsvValidationApplication - No active profile set, falling back to default profiles: default
2019-01-08 15:23:39 [main] INFO  o.s.d.r.c.RepositoryConfigurationDelegate - Bootstrapping Spring Data repositories in DEFAULT mode.
2019-01-08 15:23:39 [main] INFO  o.s.d.r.c.RepositoryConfigurationDelegate - Finished Spring Data repository scanning in 558ms. Found 3 repository interfaces.
2019-01-08 15:23:40 [main] INFO  o.s.c.s.PostProcessorRegistrationDelegate$BeanPostProcessorChecker - Bean 'org.springframework.transaction.annotation.ProxyTransactionManagementConfiguration' of type [org.springframework.transaction.annotation.ProxyTransactionManagementConfiguration$$EnhancerBySpringCGLIB$$a47c71c0] is not eligible for getting processed by all BeanPostProcessors (for example: not eligible for auto-proxying)
2019-01-08 15:23:41 [main] INFO  o.s.c.s.PostProcessorRegistrationDelegate$BeanPostProcessorChecker - Bean 'org.springframework.hateoas.config.HateoasConfiguration' of type [org.springframework.hateoas.config.HateoasConfiguration$$EnhancerBySpringCGLIB$$23fcbef2] is not eligible for getting processed by all BeanPostProcessors (for example: not eligible for auto-proxying)
2019-01-08 15:23:41 [main] INFO  o.s.b.w.e.tomcat.TomcatWebServer - Tomcat initialized with port(s): 8080 (http)
2019-01-08 15:23:41 [main] INFO  o.a.catalina.core.StandardService - Starting service [Tomcat]
2019-01-08 15:23:41 [main] INFO  o.a.catalina.core.StandardEngine - Starting Servlet Engine: Apache Tomcat/9.0.13
2019-01-08 15:23:41 [main] INFO  o.a.c.core.AprLifecycleListener - The APR based Apache Tomcat Native library which allows optimal performance in production environments was not found on the java.library.path: [/Users/srikeshnagoji/Library/Java/Extensions:/Library/Java/Extensions:/Network/Library/Java/Extensions:/System/Library/Java/Extensions:/usr/lib/java:.]
2019-01-08 15:23:42 [main] INFO  o.a.c.c.C.[Tomcat].[localhost].[/] - Initializing Spring embedded WebApplicationContext
2019-01-08 15:23:42 [main] INFO  o.s.web.context.ContextLoader - Root WebApplicationContext: initialization completed in 6985 ms
2019-01-08 15:23:43 [main] INFO  com.zaxxer.hikari.HikariDataSource - HikariPool-1 - Starting...
2019-01-08 15:23:43 [main] INFO  com.zaxxer.hikari.HikariDataSource - HikariPool-1 - Start completed.
2019-01-08 15:23:43 [main] INFO  o.h.jpa.internal.util.LogHelper - HHH000204: Processing PersistenceUnitInfo [
	name: default
	...]
2019-01-08 15:23:44 [main] INFO  org.hibernate.Version - HHH000412: Hibernate Core {5.3.7.Final}
2019-01-08 15:23:44 [main] INFO  org.hibernate.cfg.Environment - HHH000206: hibernate.properties not found
2019-01-08 15:23:44 [main] INFO  o.h.annotations.common.Version - HCANN000001: Hibernate Commons Annotations {5.0.4.Final}
2019-01-08 15:23:45 [main] INFO  org.hibernate.dialect.Dialect - HHH000400: Using dialect: org.hibernate.dialect.H2Dialect
2019-01-08 15:23:47 [main] INFO  o.s.o.j.LocalContainerEntityManagerFactoryBean - Initialized JPA EntityManagerFactory for persistence unit 'default'
2019-01-08 15:23:50 [main] INFO  o.s.s.c.ThreadPoolTaskExecutor - Initializing ExecutorService 'applicationTaskExecutor'
2019-01-08 15:23:50 [main] WARN  o.s.b.a.o.j.JpaBaseConfiguration$JpaWebConfiguration$JpaWebMvcConfiguration - spring.jpa.open-in-view is enabled by default. Therefore, database queries may be performed during view rendering. Explicitly configure spring.jpa.open-in-view to disable this warning
2019-01-08 15:23:51 [main] INFO  o.s.b.w.e.tomcat.TomcatWebServer - Tomcat started on port(s): 8080 (http) with context path ''
2019-01-08 15:23:51 [main] INFO  c.e.d.SpringCsvValidationApplication - Started SpringCsvValidationApplication in 18.467 seconds (JVM running for 20.518)
2019-01-08 15:24:04 [http-nio-8080-exec-1] INFO  o.a.c.c.C.[Tomcat].[localhost].[/] - Initializing Spring DispatcherServlet 'dispatcherServlet'
2019-01-08 15:24:04 [http-nio-8080-exec-1] INFO  o.s.web.servlet.DispatcherServlet - Initializing Servlet 'dispatcherServlet'
2019-01-08 15:24:04 [http-nio-8080-exec-1] INFO  o.s.web.servlet.DispatcherServlet - Completed initialization in 248 ms
2019-01-08 15:24:06 [http-nio-8080-exec-1] INFO  o.h.h.i.QueryTranslatorFactoryInitiator - HHH000397: Using ASTQueryTranslatorFactory
2019-01-08 15:24:07 [http-nio-8080-exec-1] DEBUG org.hibernate.SQL - select work_reque0_.w_id as w_id1_4_, work_reque0_.ignore_aditional_attributes as ignore_a2_4_, work_reque0_.work_request_type as work_req3_4_ from work_request_type_master work_reque0_ where work_reque0_.work_request_type=?
2019-01-08 15:24:07 [http-nio-8080-exec-1] TRACE o.h.type.descriptor.sql.BasicBinder - binding parameter [1] as [VARCHAR] - [TinDuplication]
2019-01-08 15:24:07 [http-nio-8080-exec-1] DEBUG org.hibernate.SQL - select validation0_.id as id1_3_, validation0_.cffield as cffield3_3_, validation0_.is_required as is_requi2_3_, validation0_.work_request_type_id as work_req4_3_ from validation_master validation0_ left outer join work_request_type_master work_reque1_ on validation0_.work_request_type_id=work_reque1_.w_id where work_reque1_.w_id=?
2019-01-08 15:24:07 [http-nio-8080-exec-1] TRACE o.h.type.descriptor.sql.BasicBinder - binding parameter [1] as [INTEGER] - [2]
2019-01-08 15:24:07 [http-nio-8080-exec-1] DEBUG org.hibernate.SQL - select standard_o0_.c_id as c_id1_2_0_, standard_o0_.common_format_field_name as common_f2_2_0_ from standard_object_attributes standard_o0_ where standard_o0_.c_id=?
2019-01-08 15:24:07 [http-nio-8080-exec-1] TRACE o.h.type.descriptor.sql.BasicBinder - binding parameter [1] as [INTEGER] - [8]
2019-01-08 15:24:07 [http-nio-8080-exec-1] DEBUG org.hibernate.SQL - select standard_o0_.c_id as c_id1_2_0_, standard_o0_.common_format_field_name as common_f2_2_0_ from standard_object_attributes standard_o0_ where standard_o0_.c_id=?
2019-01-08 15:24:07 [http-nio-8080-exec-1] TRACE o.h.type.descriptor.sql.BasicBinder - binding parameter [1] as [INTEGER] - [11]
2019-01-08 15:24:07 [http-nio-8080-exec-1] DEBUG org.hibernate.SQL - select standard_o0_.c_id as c_id1_2_0_, standard_o0_.common_format_field_name as common_f2_2_0_ from standard_object_attributes standard_o0_ where standard_o0_.c_id=?
2019-01-08 15:24:07 [http-nio-8080-exec-1] TRACE o.h.type.descriptor.sql.BasicBinder - binding parameter [1] as [INTEGER] - [15]
2019-01-08 15:24:07 [http-nio-8080-exec-1] DEBUG org.hibernate.SQL - select standard_o0_.c_id as c_id1_2_0_, standard_o0_.common_format_field_name as common_f2_2_0_ from standard_object_attributes standard_o0_ where standard_o0_.c_id=?
2019-01-08 15:24:07 [http-nio-8080-exec-1] TRACE o.h.type.descriptor.sql.BasicBinder - binding parameter [1] as [INTEGER] - [17]
2019-01-08 15:24:07 [http-nio-8080-exec-1] DEBUG org.hibernate.SQL - select standard_o0_.c_id as c_id1_2_0_, standard_o0_.common_format_field_name as common_f2_2_0_ from standard_object_attributes standard_o0_ where standard_o0_.c_id=?
2019-01-08 15:24:07 [http-nio-8080-exec-1] TRACE o.h.type.descriptor.sql.BasicBinder - binding parameter [1] as [INTEGER] - [1]
2019-01-08 15:24:08 [http-nio-8080-exec-1] DEBUG org.hibernate.SQL - select standard_o0_.c_id as c_id1_2_, standard_o0_.common_format_field_name as common_f2_2_ from standard_object_attributes standard_o0_
2019-01-08 15:25:38 [RMI TCP Connection(2)-127.0.0.1] INFO  o.s.b.a.SpringApplicationAdminMXBeanRegistrar$SpringApplicationAdmin - Application shutdown requested.
2019-01-08 15:25:38 [RMI TCP Connection(2)-127.0.0.1] INFO  o.s.s.c.ThreadPoolTaskExecutor - Shutting down ExecutorService 'applicationTaskExecutor'
2019-01-08 15:25:38 [RMI TCP Connection(2)-127.0.0.1] INFO  o.s.o.j.LocalContainerEntityManagerFactoryBean - Closing JPA EntityManagerFactory for persistence unit 'default'
2019-01-08 15:25:38 [RMI TCP Connection(2)-127.0.0.1] INFO  com.zaxxer.hikari.HikariDataSource - HikariPool-1 - Shutdown initiated...
2019-01-08 15:25:38 [RMI TCP Connection(2)-127.0.0.1] INFO  com.zaxxer.hikari.HikariDataSource - HikariPool-1 - Shutdown completed.
2019-01-08 15:25:45 [main] INFO  c.e.d.SpringCsvValidationApplication - Starting SpringCsvValidationApplication on Srikeshs-MBP-6a92 with PID 88948 (/Users/srikeshnagoji/Documents/javaworkspace/Spring_CSV_Validation_POC/target/classes started by srikeshnagoji in /Users/srikeshnagoji/Documents/javaworkspace/Spring_CSV_Validation_POC)
2019-01-08 15:25:45 [main] INFO  c.e.d.SpringCsvValidationApplication - No active profile set, falling back to default profiles: default
2019-01-08 15:25:48 [main] INFO  o.s.d.r.c.RepositoryConfigurationDelegate - Bootstrapping Spring Data repositories in DEFAULT mode.
2019-01-08 15:25:48 [main] INFO  o.s.d.r.c.RepositoryConfigurationDelegate - Finished Spring Data repository scanning in 130ms. Found 3 repository interfaces.
2019-01-08 15:25:49 [main] INFO  o.s.c.s.PostProcessorRegistrationDelegate$BeanPostProcessorChecker - Bean 'org.springframework.transaction.annotation.ProxyTransactionManagementConfiguration' of type [org.springframework.transaction.annotation.ProxyTransactionManagementConfiguration$$EnhancerBySpringCGLIB$$1ef383b7] is not eligible for getting processed by all BeanPostProcessors (for example: not eligible for auto-proxying)
2019-01-08 15:25:49 [main] INFO  o.s.c.s.PostProcessorRegistrationDelegate$BeanPostProcessorChecker - Bean 'org.springframework.hateoas.config.HateoasConfiguration' of type [org.springframework.hateoas.config.HateoasConfiguration$$EnhancerBySpringCGLIB$$9e73d0e9] is not eligible for getting processed by all BeanPostProcessors (for example: not eligible for auto-proxying)
2019-01-08 15:25:50 [main] INFO  o.s.b.w.e.tomcat.TomcatWebServer - Tomcat initialized with port(s): 8080 (http)
2019-01-08 15:25:50 [main] INFO  o.a.catalina.core.StandardService - Starting service [Tomcat]
2019-01-08 15:25:50 [main] INFO  o.a.catalina.core.StandardEngine - Starting Servlet Engine: Apache Tomcat/9.0.13
2019-01-08 15:25:50 [main] INFO  o.a.c.core.AprLifecycleListener - The APR based Apache Tomcat Native library which allows optimal performance in production environments was not found on the java.library.path: [/Users/srikeshnagoji/Library/Java/Extensions:/Library/Java/Extensions:/Network/Library/Java/Extensions:/System/Library/Java/Extensions:/usr/lib/java:.]
2019-01-08 15:25:50 [main] INFO  o.a.c.c.C.[Tomcat].[localhost].[/] - Initializing Spring embedded WebApplicationContext
2019-01-08 15:25:50 [main] INFO  o.s.web.context.ContextLoader - Root WebApplicationContext: initialization completed in 4873 ms
2019-01-08 15:25:51 [main] INFO  com.zaxxer.hikari.HikariDataSource - HikariPool-1 - Starting...
2019-01-08 15:25:52 [main] INFO  com.zaxxer.hikari.HikariDataSource - HikariPool-1 - Start completed.
2019-01-08 15:25:52 [main] INFO  o.h.jpa.internal.util.LogHelper - HHH000204: Processing PersistenceUnitInfo [
	name: default
	...]
2019-01-08 15:25:53 [main] INFO  org.hibernate.Version - HHH000412: Hibernate Core {5.3.7.Final}
2019-01-08 15:25:53 [main] INFO  org.hibernate.cfg.Environment - HHH000206: hibernate.properties not found
2019-01-08 15:25:54 [main] INFO  o.h.annotations.common.Version - HCANN000001: Hibernate Commons Annotations {5.0.4.Final}
2019-01-08 15:25:54 [main] INFO  org.hibernate.dialect.Dialect - HHH000400: Using dialect: org.hibernate.dialect.H2Dialect
2019-01-08 15:25:56 [main] INFO  o.s.o.j.LocalContainerEntityManagerFactoryBean - Initialized JPA EntityManagerFactory for persistence unit 'default'
2019-01-08 15:25:58 [main] INFO  o.s.s.c.ThreadPoolTaskExecutor - Initializing ExecutorService 'applicationTaskExecutor'
2019-01-08 15:25:58 [main] WARN  o.s.b.a.o.j.JpaBaseConfiguration$JpaWebConfiguration$JpaWebMvcConfiguration - spring.jpa.open-in-view is enabled by default. Therefore, database queries may be performed during view rendering. Explicitly configure spring.jpa.open-in-view to disable this warning
2019-01-08 15:25:58 [main] INFO  o.s.b.w.e.tomcat.TomcatWebServer - Tomcat started on port(s): 8080 (http) with context path ''
2019-01-08 15:25:59 [main] INFO  c.e.d.SpringCsvValidationApplication - Started SpringCsvValidationApplication in 14.861 seconds (JVM running for 16.739)
2019-01-08 15:26:04 [http-nio-8080-exec-1] INFO  o.a.c.c.C.[Tomcat].[localhost].[/] - Initializing Spring DispatcherServlet 'dispatcherServlet'
2019-01-08 15:26:04 [http-nio-8080-exec-1] INFO  o.s.web.servlet.DispatcherServlet - Initializing Servlet 'dispatcherServlet'
2019-01-08 15:26:04 [http-nio-8080-exec-1] INFO  o.s.web.servlet.DispatcherServlet - Completed initialization in 19 ms
2019-01-08 15:26:04 [http-nio-8080-exec-1] INFO  o.h.h.i.QueryTranslatorFactoryInitiator - HHH000397: Using ASTQueryTranslatorFactory
2019-01-08 15:26:05 [http-nio-8080-exec-1] DEBUG org.hibernate.SQL - select work_reque0_.w_id as w_id1_4_, work_reque0_.ignore_aditional_attributes as ignore_a2_4_, work_reque0_.work_request_type as work_req3_4_ from work_request_type_master work_reque0_ where work_reque0_.work_request_type=?
2019-01-08 15:26:05 [http-nio-8080-exec-1] TRACE o.h.type.descriptor.sql.BasicBinder - binding parameter [1] as [VARCHAR] - [TinDuplication]
2019-01-08 15:26:05 [http-nio-8080-exec-1] DEBUG org.hibernate.SQL - select validation0_.id as id1_3_, validation0_.cffield as cffield3_3_, validation0_.is_required as is_requi2_3_, validation0_.work_request_type_id as work_req4_3_ from validation_master validation0_ left outer join work_request_type_master work_reque1_ on validation0_.work_request_type_id=work_reque1_.w_id where work_reque1_.w_id=?
2019-01-08 15:26:05 [http-nio-8080-exec-1] TRACE o.h.type.descriptor.sql.BasicBinder - binding parameter [1] as [INTEGER] - [2]
2019-01-08 15:26:05 [http-nio-8080-exec-1] DEBUG org.hibernate.SQL - select standard_o0_.c_id as c_id1_2_0_, standard_o0_.common_format_field_name as common_f2_2_0_ from standard_object_attributes standard_o0_ where standard_o0_.c_id=?
2019-01-08 15:26:05 [http-nio-8080-exec-1] TRACE o.h.type.descriptor.sql.BasicBinder - binding parameter [1] as [INTEGER] - [8]
2019-01-08 15:26:05 [http-nio-8080-exec-1] DEBUG org.hibernate.SQL - select standard_o0_.c_id as c_id1_2_0_, standard_o0_.common_format_field_name as common_f2_2_0_ from standard_object_attributes standard_o0_ where standard_o0_.c_id=?
2019-01-08 15:26:05 [http-nio-8080-exec-1] TRACE o.h.type.descriptor.sql.BasicBinder - binding parameter [1] as [INTEGER] - [11]
2019-01-08 15:26:05 [http-nio-8080-exec-1] DEBUG org.hibernate.SQL - select standard_o0_.c_id as c_id1_2_0_, standard_o0_.common_format_field_name as common_f2_2_0_ from standard_object_attributes standard_o0_ where standard_o0_.c_id=?
2019-01-08 15:26:05 [http-nio-8080-exec-1] TRACE o.h.type.descriptor.sql.BasicBinder - binding parameter [1] as [INTEGER] - [15]
2019-01-08 15:26:05 [http-nio-8080-exec-1] DEBUG org.hibernate.SQL - select standard_o0_.c_id as c_id1_2_0_, standard_o0_.common_format_field_name as common_f2_2_0_ from standard_object_attributes standard_o0_ where standard_o0_.c_id=?
2019-01-08 15:26:05 [http-nio-8080-exec-1] TRACE o.h.type.descriptor.sql.BasicBinder - binding parameter [1] as [INTEGER] - [17]
2019-01-08 15:26:05 [http-nio-8080-exec-1] DEBUG org.hibernate.SQL - select standard_o0_.c_id as c_id1_2_0_, standard_o0_.common_format_field_name as common_f2_2_0_ from standard_object_attributes standard_o0_ where standard_o0_.c_id=?
2019-01-08 15:26:05 [http-nio-8080-exec-1] TRACE o.h.type.descriptor.sql.BasicBinder - binding parameter [1] as [INTEGER] - [1]
2019-01-08 15:26:05 [http-nio-8080-exec-1] DEBUG org.hibernate.SQL - select standard_o0_.c_id as c_id1_2_, standard_o0_.common_format_field_name as common_f2_2_ from standard_object_attributes standard_o0_
2019-01-08 15:26:45 [RMI TCP Connection(2)-127.0.0.1] INFO  o.s.b.a.SpringApplicationAdminMXBeanRegistrar$SpringApplicationAdmin - Application shutdown requested.
2019-01-08 15:26:45 [RMI TCP Connection(2)-127.0.0.1] INFO  o.s.s.c.ThreadPoolTaskExecutor - Shutting down ExecutorService 'applicationTaskExecutor'
2019-01-08 15:26:45 [RMI TCP Connection(2)-127.0.0.1] INFO  o.s.o.j.LocalContainerEntityManagerFactoryBean - Closing JPA EntityManagerFactory for persistence unit 'default'
2019-01-08 15:26:45 [RMI TCP Connection(2)-127.0.0.1] INFO  com.zaxxer.hikari.HikariDataSource - HikariPool-1 - Shutdown initiated...
2019-01-08 15:26:45 [RMI TCP Connection(2)-127.0.0.1] INFO  com.zaxxer.hikari.HikariDataSource - HikariPool-1 - Shutdown completed.
